Starting a Gradle Daemon, 1 busy and 1 incompatible Daemons could not be reused, use --status for details
> Task :compileJava UP-TO-DATE
> Task :processResources
> Task :classes
> Task :resolveMainClassName

> Task :bootRun

  .   ____          _            __ _ _
 /\\ / ___'_ __ _ _(_)_ __  __ _ \ \ \ \
( ( )\___ | '_ | '_| | '_ \/ _` | \ \ \ \
 \\/  ___)| |_)| | | | | || (_| |  ) ) ) )
  '  |____| .__|_| |_|_| |_\__, | / / / /
 =========|_|==============|___/=/_/_/_/

 :: Spring Boot ::                (v4.0.6)

2026-05-20T13:43:17.307Z  INFO 45836 --- [demo] [           main] com.example.demo.DemoApplication         : Starting DemoApplication using Java 17.0.19 with PID 45836 (/workspaces/TESTE/demo/build/classes/java/main started by codespace in /workspaces/TESTE/demo)
2026-05-20T13:43:17.318Z  INFO 45836 --- [demo] [           main] com.example.demo.DemoApplication         : No active profile set, falling back to 1 default profile: "default"
2026-05-20T13:43:18.576Z  INFO 45836 --- [demo] [           main] .s.d.r.c.RepositoryConfigurationDelegate : Bootstrapping Spring Data JPA repositories in DEFAULT mode.
2026-05-20T13:43:18.647Z  INFO 45836 --- [demo] [           main] .s.d.r.c.RepositoryConfigurationDelegate : Finished Spring Data repository scanning in 58 ms. Found 1 JPA repository interface.
2026-05-20T13:43:19.189Z  INFO 45836 --- [demo] [           main] o.s.boot.tomcat.TomcatWebServer          : Tomcat initialized with port 3000 (http)
2026-05-20T13:43:19.202Z  INFO 45836 --- [demo] [           main] o.apache.catalina.core.StandardService   : Starting service [Tomcat]
2026-05-20T13:43:19.202Z  INFO 45836 --- [demo] [           main] o.apache.catalina.core.StandardEngine    : Starting Servlet engine: [Apache Tomcat/11.0.21]
2026-05-20T13:43:19.257Z  INFO 45836 --- [demo] [           main] b.w.c.s.WebApplicationContextInitializer : Root WebApplicationContext: initialization completed in 1765 ms
2026-05-20T13:43:19.425Z  INFO 45836 --- [demo] [           main] com.zaxxer.hikari.HikariDataSource       : HikariPool-1 - Starting...
2026-05-20T13:43:19.625Z  INFO 45836 --- [demo] [           main] com.zaxxer.hikari.pool.HikariPool        : HikariPool-1 - Added connection conn0: url=jdbc:h2:mem:a5ed8a86-cbf5-49e6-b556-e98b9183e8e5 user=SA
2026-05-20T13:43:19.627Z  INFO 45836 --- [demo] [           main] com.zaxxer.hikari.HikariDataSource       : HikariPool-1 - Start completed.
2026-05-20T13:43:19.655Z  INFO 45836 --- [demo] [           main] org.hibernate.orm.jpa                    : HHH008540: Processing PersistenceUnitInfo [name: default]
2026-05-20T13:43:19.728Z  INFO 45836 --- [demo] [           main] org.hibernate.orm.core                   : HHH000001: Hibernate ORM core version 7.2.12.Final
2026-05-20T13:43:20.263Z  INFO 45836 --- [demo] [           main] o.s.o.j.p.SpringPersistenceUnitInfo      : No LoadTimeWeaver setup: ignoring JPA class transformer
2026-05-20T13:43:20.354Z  INFO 45836 --- [demo] [           main] org.hibernate.orm.connections.pooling    : HHH10001005: Database info:
	Database JDBC URL [jdbc:h2:mem:a5ed8a86-cbf5-49e6-b556-e98b9183e8e5]
	Database driver: H2 JDBC Driver
	Database dialect: H2Dialect
	Database version: 2.4.240
	Default catalog/schema: A5ED8A86-CBF5-49E6-B556-E98B9183E8E5/PUBLIC
	Autocommit mode: undefined/unknown
	Isolation level: READ_COMMITTED [default READ_COMMITTED]
	JDBC fetch size: 100
	Pool: DataSourceConnectionProvider
	Minimum pool size: undefined/unknown
	Maximum pool size: undefined/unknown
2026-05-20T13:43:21.243Z  INFO 45836 --- [demo] [           main] org.hibernate.orm.core                   : HHH000489: No JTA platform available (set 'hibernate.transaction.jta.platform' to enable JTA platform integration)
2026-05-20T13:43:21.286Z  INFO 45836 --- [demo] [           main] j.LocalContainerEntityManagerFactoryBean : Initialized JPA EntityManagerFactory for persistence unit 'default'
2026-05-20T13:43:21.378Z  INFO 45836 --- [demo] [           main] o.s.d.j.r.query.QueryEnhancerFactories   : Hibernate is in classpath; If applicable, HQL parser will be used.
2026-05-20T13:43:21.516Z  WARN 45836 --- [demo] [           main] JpaBaseConfiguration$JpaWebConfiguration : spring.jpa.open-in-view is enabled by default. Therefore, database queries may be performed during view rendering. Explicitly configure spring.jpa.open-in-view to disable this warning
2026-05-20T13:43:22.208Z  INFO 45836 --- [demo] [           main] o.s.boot.tomcat.TomcatWebServer          : Tomcat started on port 3000 (http) with context path '/'
2026-05-20T13:43:22.224Z  INFO 45836 --- [demo] [           main] com.example.demo.DemoApplication         : Started DemoApplication in 6.265 seconds (process running for 7.185)
2026-05-20T13:43:24.769Z  INFO 45836 --- [demo] [nio-3000-exec-1] o.a.c.c.C.[Tomcat].[localhost].[/]       : Initializing Spring DispatcherServlet 'dispatcherServlet'
2026-05-20T13:43:24.769Z  INFO 45836 --- [demo] [nio-3000-exec-1] o.s.web.servlet.DispatcherServlet        : Initializing Servlet 'dispatcherServlet'
2026-05-20T13:43:24.771Z  INFO 45836 --- [demo] [nio-3000-exec-1] o.s.web.servlet.DispatcherServlet        : Completed initialization in 2 ms
